[2024-08-11T15:47:54.940Z] Response from localhost:3000 - hello from server 1
[2024-08-11T15:47:55.928Z] Response from localhost:3001 - <!doctype html>
<html lang=en>
<title>404 Not Found</title>
<h1>Not Found</h1>
<p>The requested URL was not found on the server. If you entered the URL manually please check your spelling and try again.</p>

[2024-08-11T15:47:56.929Z] Response from localhost:3000 - hello from server 1
[2024-08-11T15:47:57.946Z] Response from localhost:3001 - <!doctype html>
<html lang=en>
<title>404 Not Found</title>
<h1>Not Found</h1>
<p>The requested URL was not found on the server. If you entered the URL manually please check your spelling and try again.</p>

[2024-08-11T15:47:58.947Z] Response from localhost:3000 - hello from server 1
[2024-08-11T15:47:59.966Z] Response from localhost:3001 - <!doctype html>
<html lang=en>
<title>404 Not Found</title>
<h1>Not Found</h1>
<p>The requested URL was not found on the server. If you entered the URL manually please check your spelling and try again.</p>

[2024-08-11T15:49:40.510Z] Response from localhost:3000 - hello from server 1
[2024-08-11T15:49:41.493Z] Response from localhost:3004 - hello from server 2
[2024-08-11T15:49:42.489Z] Response from localhost:3000 - hello from server 1
[2024-08-11T15:49:43.496Z] Response from localhost:3004 - hello from server 2
[2024-08-11T15:49:44.500Z] Response from localhost:3000 - hello from server 1
[2024-08-11T15:49:45.513Z] Response from localhost:3004 - hello from server 2
[2024-08-11T15:49:46.523Z] Response from localhost:3000 - hello from server 1
[2024-08-11T15:49:47.528Z] Response from localhost:3004 - hello from server 2
[2024-08-11T15:49:48.534Z] Response from localhost:3000 - hello from server 1
[2024-08-11T15:49:49.544Z] Response from localhost:3004 - hello from server 2
[2024-08-11T15:49:50.550Z] Response from localhost:3000 - hello from server 1
[2024-08-11T15:49:51.563Z] Response from localhost:3004 - hello from server 2
[2024-08-11T15:49:52.569Z] Response from localhost:3000 - hello from server 1
[2024-08-11T15:51:44.004Z] Response from localhost:3000 - Hello from server 1
[2024-08-11T15:51:44.979Z] Response from localhost:3004 - Hello from server 1
[2024-08-11T15:51:45.982Z] Response from localhost:3000 - Hello from server 1
[2024-08-11T15:51:46.988Z] Response from localhost:3004 - Hello from server 1
[2024-08-11T15:51:47.996Z] Response from localhost:3000 - Hello from server 1
[2024-08-11T15:51:49.009Z] Response from localhost:3004 - Hello from server 1
[2024-08-11T15:51:50.022Z] Response from localhost:3000 - Hello from server 1
[2024-08-11T15:51:51.032Z] Response from localhost:3004 - Hello from server 1
[2024-08-11T15:51:52.037Z] Response from localhost:3000 - Hello from server 1
[2024-08-11T15:51:53.049Z] Response from localhost:3004 - Hello from server 1
[2024-08-11T15:51:54.052Z] Response from localhost:3000 - Hello from server 1
[2024-08-11T15:51:55.061Z] Response from localhost:3004 - Hello from server 1
[2024-08-11T17:12:20.820Z] Response from localhost:3000 - Hello from server 1
[2024-08-11T17:12:21.787Z] Response from localhost:3004 - Hello from server 1
[2024-08-11T17:12:22.703Z] Response from localhost:3000 - Hello from server 1
[2024-08-11T17:12:23.702Z] Response from localhost:3004 - Hello from server 1
[2024-08-11T17:12:24.702Z] Response from localhost:3000 - Hello from server 1
[2024-08-11T17:12:25.702Z] Response from localhost:3004 - Hello from server 1
[2024-08-11T17:12:26.702Z] Response from localhost:3000 - Hello from server 1
[2024-08-11T17:12:27.703Z] Response from localhost:3004 - Hello from server 1
[2024-08-11T17:12:28.705Z] Response from localhost:3000 - Hello from server 1
[2024-08-11T17:12:29.704Z] Response from localhost:3004 - Hello from server 1
[2024-08-11T17:12:30.705Z] Response from localhost:3000 - Hello from server 1
[2024-08-11T17:12:31.706Z] Response from localhost:3004 - Hello from server 1
[2024-08-11T18:24:24.782Z] Response from localhost:3000 - Hello from server 1
[2024-08-11T18:24:25.710Z] Response from localhost:3004 - Hello from server 1
[2024-08-11T18:24:26.686Z] Response from localhost:3000 - Hello from server 1
[2024-08-11T18:24:27.690Z] Response from localhost:3004 - Hello from server 1
[2024-08-11T18:24:28.689Z] Response from localhost:3000 - Hello from server 1
[2024-08-11T18:24:29.690Z] Response from localhost:3004 - Hello from server 1
[2024-08-11T18:24:30.690Z] Response from localhost:3000 - Hello from server 1
[2024-08-11T18:24:31.693Z] Response from localhost:3004 - Hello from server 1
[2024-08-11T18:24:32.698Z] Response from localhost:3000 - Hello from server 1
[2024-08-11T18:24:33.696Z] Response from localhost:3004 - Hello from server 1
[2024-08-11T18:24:34.696Z] Response from localhost:3000 - Hello from server 1
[2024-08-11T18:24:35.696Z] Response from localhost:3004 - Hello from server 1
[2024-08-11T18:24:36.699Z] Response from localhost:3000 - Hello from server 1
[2024-08-11T18:24:37.699Z] Response from localhost:3004 - Hello from server 1
[2024-08-11T18:24:38.699Z] Response from localhost:3000 - Hello from server 1
[2024-08-11T18:24:39.699Z] Response from localhost:3004 - Hello from server 1
[2024-08-11T18:24:40.700Z] Response from localhost:3000 - Hello from server 1
[2024-08-11T18:24:41.700Z] Response from localhost:3004 - Hello from server 1
[2024-08-11T18:24:42.700Z] Response from localhost:3000 - Hello from server 1
[2024-08-11T18:24:43.701Z] Response from localhost:3004 - Hello from server 1
[2024-08-11T18:24:44.700Z] Response from localhost:3000 - Hello from server 1
[2024-08-11T18:24:45.700Z] Response from localhost:3004 - Hello from server 1
[2024-08-11T18:24:46.700Z] Response from localhost:3000 - Hello from server 1
[2024-08-11T18:24:47.700Z] Response from localhost:3004 - Hello from server 1
[2024-08-11T18:24:48.701Z] Response from localhost:3000 - Hello from server 1
[2024-08-11T18:24:49.704Z] Response from localhost:3004 - Hello from server 1
[2024-08-11T18:24:50.703Z] Response from localhost:3000 - Hello from server 1
[2024-08-11T18:24:51.705Z] Response from localhost:3004 - Hello from server 1
[2024-08-11T18:24:52.706Z] Response from localhost:3000 - Hello from server 1
[2024-08-11T18:24:53.706Z] Response from localhost:3004 - Hello from server 1
[2024-08-11T18:24:54.706Z] Response from localhost:3000 - Hello from server 1
[2024-08-11T18:24:55.706Z] Response from localhost:3004 - Hello from server 1
[2024-08-11T18:24:56.708Z] Response from localhost:3000 - Hello from server 1
[2024-08-11T18:24:57.706Z] Response from localhost:3004 - Hello from server 1
[2024-08-11T18:24:58.706Z] Response from localhost:3000 - Hello from server 1
[2024-08-11T18:24:59.707Z] Response from localhost:3004 - Hello from server 1
[2024-08-11T18:25:00.706Z] Response from localhost:3000 - Hello from server 1
[2024-08-11T18:25:01.707Z] Response from localhost:3004 - Hello from server 1
[2024-08-11T18:25:02.707Z] Response from localhost:3000 - Hello from server 1
[2024-08-11T18:25:03.709Z] Response from localhost:3004 - Hello from server 1
[2024-08-11T18:25:04.709Z] Response from localhost:3000 - Hello from server 1
[2024-08-11T18:25:05.710Z] Response from localhost:3004 - Hello from server 1
[2024-08-11T18:25:06.710Z] Response from localhost:3000 - Hello from server 1
[2024-08-11T18:25:07.711Z] Response from localhost:3004 - Hello from server 1
[2024-08-11T18:25:08.711Z] Response from localhost:3000 - Hello from server 1
[2024-08-11T18:25:09.711Z] Response from localhost:3004 - Hello from server 1
[2024-08-11T18:25:10.714Z] Response from localhost:3000 - Hello from server 1
[2024-08-11T18:25:11.715Z] Response from localhost:3004 - Hello from server 1
[2024-08-11T18:25:12.715Z] Response from localhost:3000 - Hello from server 1
[2024-08-11T18:25:13.715Z] Response from localhost:3004 - Hello from server 1
[2024-08-11T18:25:14.716Z] Response from localhost:3000 - Hello from server 1
[2024-08-11T18:25:15.719Z] Response from localhost:3004 - Hello from server 1
[2024-08-11T18:25:16.717Z] Response from localhost:3000 - Hello from server 1
[2024-08-11T18:25:17.718Z] Response from localhost:3004 - Hello from server 1
[2024-08-11T18:25:18.718Z] Response from localhost:3000 - Hello from server 1
[2024-08-11T18:25:19.718Z] Response from localhost:3004 - Hello from server 1
[2024-08-11T18:25:20.721Z] Response from localhost:3000 - Hello from server 1
[2024-08-11T18:25:21.720Z] Response from localhost:3004 - Hello from server 1
[2024-08-11T18:25:22.721Z] Response from localhost:3000 - Hello from server 1
[2024-08-11T18:25:23.720Z] Response from localhost:3004 - Hello from server 1
[2024-08-11T18:25:24.721Z] Response from localhost:3000 - Hello from server 1
[2024-08-11T18:25:25.721Z] Response from localhost:3004 - Hello from server 1
[2024-08-11T18:25:26.721Z] Response from localhost:3000 - Hello from server 1
[2024-08-11T18:25:27.723Z] Response from localhost:3004 - Hello from server 1
[2024-08-11T18:25:28.728Z] Response from localhost:3000 - Hello from server 1
[2024-08-11T18:25:29.723Z] Response from localhost:3004 - Hello from server 1
[2024-08-11T18:25:30.724Z] Response from localhost:3000 - Hello from server 1
[2024-08-11T18:25:31.723Z] Response from localhost:3004 - Hello from server 1
[2024-08-11T18:25:32.724Z] Response from localhost:3000 - Hello from server 1
[2024-08-11T18:25:33.726Z] Response from localhost:3004 - Hello from server 1
[2024-08-11T18:25:34.724Z] Response from localhost:3000 - Hello from server 1
[2024-08-11T18:25:35.724Z] Response from localhost:3004 - Hello from server 1
[2024-08-11T18:25:36.724Z] Response from localhost:3000 - Hello from server 1
[2024-08-11T18:25:37.725Z] Response from localhost:3004 - Hello from server 1
[2024-08-11T18:25:38.725Z] Response from localhost:3000 - Hello from server 1
[2024-08-11T18:25:39.729Z] Response from localhost:3004 - Hello from server 1
[2024-08-11T18:25:40.726Z] Response from localhost:3000 - Hello from server 1
[2024-08-11T18:25:41.729Z] Response from localhost:3004 - Hello from server 1
[2024-08-11T18:25:42.729Z] Response from localhost:3000 - Hello from server 1
[2024-08-11T18:25:43.731Z] Response from localhost:3004 - Hello from server 1
[2024-08-11T18:25:44.732Z] Response from localhost:3000 - Hello from server 1
[2024-08-11T18:25:45.733Z] Response from localhost:3004 - Hello from server 1
[2024-08-11T18:25:46.733Z] Response from localhost:3000 - Hello from server 1
[2024-08-11T18:25:47.735Z] Response from localhost:3004 - Hello from server 1
[2024-08-11T18:25:48.735Z] Response from localhost:3000 - Hello from server 1
[2024-08-11T18:25:49.735Z] Response from localhost:3004 - Hello from server 1
[2024-08-11T18:25:50.735Z] Response from localhost:3000 - Hello from server 1
[2024-08-11T18:25:51.735Z] Response from localhost:3004 - Hello from server 1
[2024-08-11T18:25:52.736Z] Response from localhost:3000 - Hello from server 1
[2024-08-11T18:25:53.735Z] Response from localhost:3004 - Hello from server 1
[2024-08-11T18:25:54.736Z] Response from localhost:3000 - Hello from server 1
[2024-08-11T18:25:55.739Z] Response from localhost:3004 - Hello from server 1
[2024-08-11T18:25:56.742Z] Response from localhost:3000 - Hello from server 1
[2024-08-11T18:25:57.742Z] Response from localhost:3004 - Hello from server 1
[2024-08-11T18:25:58.740Z] Response from localhost:3000 - Hello from server 1
[2024-08-11T18:25:59.740Z] Response from localhost:3004 - Hello from server 1
[2024-08-11T18:26:00.740Z] Response from localhost:3000 - Hello from server 1
[2024-08-11T18:26:01.740Z] Response from localhost:3004 - Hello from server 1
[2024-08-11T18:26:02.740Z] Response from localhost:3000 - Hello from server 1
[2024-08-11T18:26:03.741Z] Response from localhost:3004 - Hello from server 1
[2024-08-11T18:26:04.743Z] Response from localhost:3000 - Hello from server 1
[2024-08-11T18:26:05.741Z] Response from localhost:3004 - Hello from server 1
[2024-08-11T18:26:06.742Z] Response from localhost:3000 - Hello from server 1
[2024-08-11T18:26:07.742Z] Response from localhost:3004 - Hello from server 1
[2024-08-11T18:26:08.742Z] Response from localhost:3000 - Hello from server 1
[2024-08-11T18:26:09.743Z] Response from localhost:3004 - Hello from server 1
[2024-08-11T18:26:10.745Z] Response from localhost:3000 - Hello from server 1
[2024-08-11T18:26:11.745Z] Response from localhost:3004 - Hello from server 1
[2024-08-11T18:26:12.745Z] Response from localhost:3000 - Hello from server 1
[2024-08-11T18:26:13.746Z] Response from localhost:3004 - Hello from server 1
[2024-08-11T18:26:14.746Z] Response from localhost:3000 - Hello from server 1
[2024-08-11T18:26:15.746Z] Response from localhost:3004 - Hello from server 1
[2024-08-11T18:26:16.746Z] Response from localhost:3000 - Hello from server 1
[2024-08-11T18:26:17.750Z] Response from localhost:3004 - Hello from server 1
[2024-08-11T18:26:18.750Z] Response from localhost:3000 - Hello from server 1
[2024-08-11T18:26:19.748Z] Response from localhost:3004 - Hello from server 1
[2024-08-11T18:26:20.749Z] Response from localhost:3000 - Hello from server 1
[2024-08-11T18:26:21.749Z] Response from localhost:3004 - Hello from server 1
[2024-08-11T18:26:22.750Z] Response from localhost:3000 - Hello from server 1
[2024-08-11T18:26:23.753Z] Response from localhost:3004 - Hello from server 1
[2024-08-11T18:26:24.750Z] Response from localhost:3000 - Hello from server 1
[2024-08-11T18:26:25.750Z] Response from localhost:3004 - Hello from server 1
[2024-08-11T18:26:26.752Z] Response from localhost:3000 - Hello from server 1
[2024-08-11T18:26:27.753Z] Response from localhost:3004 - Hello from server 1
[2024-08-11T18:26:28.755Z] Response from localhost:3000 - Hello from server 1
[2024-08-11T18:26:29.757Z] Response from localhost:3004 - Hello from server 1
[2024-08-11T18:26:30.757Z] Response from localhost:3000 - Hello from server 1
[2024-08-11T18:26:31.757Z] Response from localhost:3004 - Hello from server 1
[2024-08-11T18:26:32.759Z] Response from localhost:3000 - Hello from server 1
[2024-08-11T18:26:33.757Z] Response from localhost:3004 - Hello from server 1
[2024-08-11T18:26:34.757Z] Response from localhost:3000 - Hello from server 1
[2024-08-11T18:26:35.758Z] Response from localhost:3004 - Hello from server 1
[2024-08-11T18:26:36.759Z] Response from localhost:3000 - Hello from server 1
[2024-08-11T18:26:37.760Z] Response from localhost:3004 - Hello from server 1
[2024-08-11T18:26:38.760Z] Response from localhost:3000 - Hello from server 1
[2024-08-11T18:26:39.761Z] Response from localhost:3004 - Hello from server 1
[2024-08-11T18:26:40.761Z] Response from localhost:3000 - Hello from server 1
[2024-08-11T18:26:41.761Z] Response from localhost:3004 - Hello from server 1
[2024-08-11T18:26:42.761Z] Response from localhost:3000 - Hello from server 1
[2024-08-11T18:26:43.762Z] Response from localhost:3004 - Hello from server 1
[2024-08-11T18:26:44.762Z] Response from localhost:3000 - Hello from server 1
[2024-08-11T18:26:45.763Z] Response from localhost:3004 - Hello from server 1
[2024-08-11T18:26:46.764Z] Response from localhost:3000 - Hello from server 1
[2024-08-11T18:26:47.763Z] Response from localhost:3004 - Hello from server 1
[2024-08-11T18:26:48.763Z] Response from localhost:3000 - Hello from server 1
[2024-08-11T18:26:49.764Z] Response from localhost:3004 - Hello from server 1
[2024-08-11T18:26:50.764Z] Response from localhost:3000 - Hello from server 1
[2024-08-11T18:26:51.764Z] Response from localhost:3004 - Hello from server 1
[2024-08-11T18:26:52.765Z] Response from localhost:3000 - Hello from server 1
[2024-08-11T18:26:53.765Z] Response from localhost:3004 - Hello from server 1
[2024-08-11T18:26:54.765Z] Response from localhost:3000 - Hello from server 1
[2024-08-11T18:26:55.767Z] Response from localhost:3004 - Hello from server 1
[2024-08-11T18:26:56.767Z] Response from localhost:3000 - Hello from server 1
[2024-08-11T18:26:57.767Z] Response from localhost:3004 - Hello from server 1
[2024-08-11T18:26:58.767Z] Response from localhost:3000 - Hello from server 1
[2024-08-11T18:26:59.767Z] Response from localhost:3004 - Hello from server 1
[2024-08-11T18:27:00.767Z] Response from localhost:3000 - Hello from server 1
[2024-08-11T18:27:01.767Z] Response from localhost:3004 - Hello from server 1
[2024-08-11T18:27:02.767Z] Response from localhost:3000 - Hello from server 1
[2024-08-11T18:27:03.768Z] Response from localhost:3004 - Hello from server 1
[2024-08-11T18:27:04.769Z] Response from localhost:3000 - Hello from server 1
[2024-08-11T18:27:05.770Z] Response from localhost:3004 - Hello from server 1
[2024-08-11T18:27:06.770Z] Response from localhost:3000 - Hello from server 1
[2024-08-11T18:27:07.770Z] Response from localhost:3004 - Hello from server 1
[2024-08-11T18:27:08.770Z] Response from localhost:3000 - Hello from server 1
[2024-08-11T18:27:09.771Z] Response from localhost:3004 - Hello from server 1
[2024-08-11T18:27:10.771Z] Response from localhost:3000 - Hello from server 1
[2024-08-11T18:27:11.770Z] Response from localhost:3004 - Hello from server 1
[2024-08-11T18:27:12.770Z] Response from localhost:3000 - Hello from server 1
[2024-08-11T18:27:13.771Z] Response from localhost:3004 - Hello from server 1
[2024-08-11T18:27:14.771Z] Response from localhost:3000 - Hello from server 1
[2024-08-11T18:27:15.772Z] Response from localhost:3004 - Hello from server 1
[2024-08-11T18:27:16.772Z] Response from localhost:3000 - Hello from server 1
[2024-08-11T18:27:17.772Z] Response from localhost:3004 - Hello from server 1
[2024-08-11T18:27:18.772Z] Response from localhost:3000 - Hello from server 1
[2024-08-11T18:27:19.771Z] Response from localhost:3004 - Hello from server 1
[2024-08-11T18:27:20.771Z] Response from localhost:3000 - Hello from server 1
[2024-08-11T18:27:21.771Z] Response from localhost:3004 - Hello from server 1
[2024-08-11T18:27:22.772Z] Response from localhost:3000 - Hello from server 1
[2024-08-11T18:27:23.773Z] Response from localhost:3004 - Hello from server 1
[2024-08-11T18:27:24.772Z] Response from localhost:3000 - Hello from server 1
[2024-08-11T18:27:25.772Z] Response from localhost:3004 - Hello from server 1
[2024-08-11T18:27:26.772Z] Response from localhost:3000 - Hello from server 1
[2024-08-11T18:27:27.772Z] Response from localhost:3004 - Hello from server 1
[2024-08-11T18:27:28.774Z] Response from localhost:3000 - Hello from server 1
[2024-08-11T18:27:29.775Z] Response from localhost:3004 - Hello from server 1
[2024-08-11T18:27:30.774Z] Response from localhost:3000 - Hello from server 1
[2024-08-11T18:27:31.774Z] Response from localhost:3004 - Hello from server 1
[2024-08-11T18:27:32.775Z] Response from localhost:3000 - Hello from server 1
[2024-08-11T18:27:33.776Z] Response from localhost:3004 - Hello from server 1
[2024-08-11T18:27:34.777Z] Response from localhost:3000 - Hello from server 1
[2024-08-11T18:27:35.779Z] Response from localhost:3004 - Hello from server 1
[2024-08-11T18:27:36.780Z] Response from localhost:3000 - Hello from server 1
[2024-08-11T18:27:37.782Z] Response from localhost:3004 - Hello from server 1
[2024-08-11T18:27:38.782Z] Response from localhost:3000 - Hello from server 1
[2024-08-11T18:27:39.782Z] Response from localhost:3004 - Hello from server 1
[2024-08-11T18:27:40.782Z] Response from localhost:3000 - Hello from server 1
[2024-08-11T18:27:41.782Z] Response from localhost:3004 - Hello from server 1
[2024-08-11T18:27:42.783Z] Response from localhost:3000 - Hello from server 1
